<?xml version="1.0" encoding="UTF-8"?>
<coverage generated="1569833426397" clover="3.2.0">
  <project timestamp="1569833426397" name="All files">
    <metrics statements="32" coveredstatements="32" conditionals="24" coveredconditionals="22" methods="7" coveredmethods="7" elements="63" coveredelements="61" complexity="0" loc="32" ncloc="32" packages="2" files="2" classes="2"/>
    <package name="common_libs">
      <metrics statements="21" coveredstatements="21" conditionals="12" coveredconditionals="12" methods="6" coveredmethods="6"/>
      <file name="typeCheck.js" path="/Users/rickchang/Desktop/common_libs/typeCheck.js">
        <metrics statements="21" coveredstatements="21" conditionals="12" coveredconditionals="12" methods="6" coveredmethods="6"/>
        <line num="2" count="1" type="stmt"/>
        <line num="3" count="17" type="cond" truecount="2" falsecount="0"/>
        <line num="4" count="17" type="stmt"/>
        <line num="7" count="1" type="stmt"/>
        <line num="8" count="4" type="cond" truecount="2" falsecount="0"/>
        <line num="9" count="4" type="stmt"/>
        <line num="12" count="1" type="stmt"/>
        <line num="13" count="3" type="stmt"/>
        <line num="14" count="3" type="stmt"/>
        <line num="17" count="1" type="stmt"/>
        <line num="18" count="5" type="stmt"/>
        <line num="19" count="5" type="stmt"/>
        <line num="22" count="1" type="stmt"/>
        <line num="23" count="13" type="cond" truecount="2" falsecount="0"/>
        <line num="24" count="13" type="stmt"/>
        <line num="27" count="1" type="stmt"/>
        <line num="28" count="7" type="cond" truecount="4" falsecount="0"/>
        <line num="29" count="5" type="cond" truecount="2" falsecount="0"/>
        <line num="30" count="5" type="stmt"/>
        <line num="33" count="1" type="stmt"/>
        <line num="42" count="1" type="stmt"/>
      </file>
    </package>
    <package name="common_libs.libs">
      <metrics statements="11" coveredstatements="11" conditionals="12" coveredconditionals="10" methods="1" coveredmethods="1"/>
      <file name="index.js" path="/Users/rickchang/Desktop/common_libs/libs/index.js">
        <metrics statements="11" coveredstatements="11" conditionals="12" coveredconditionals="10" methods="1" coveredmethods="1"/>
        <line num="1" count="1" type="stmt"/>
        <line num="9" count="1" type="cond" truecount="0" falsecount="2"/>
        <line num="10" count="6" type="stmt"/>
        <line num="11" count="6" type="cond" truecount="2" falsecount="0"/>
        <line num="12" count="1" type="stmt"/>
        <line num="13" count="1" type="stmt"/>
        <line num="15" count="6" type="cond" truecount="6" falsecount="0"/>
        <line num="19" count="2" type="stmt"/>
        <line num="21" count="4" type="cond" truecount="2" falsecount="0"/>
        <line num="22" count="4" type="stmt"/>
        <line num="25" count="1" type="stmt"/>
      </file>
    </package>
  </project>
</coverage>
