{"/Users/rickchang/Desktop/common_libs/dateTool.js": {"path":"/Users/rickchang/Desktop/common_libs/dateTool.js","statementMap":{"0":{"start":{"line":1,"column":18},"end":{"line":1,"column":40}},"1":{"start":{"line":2,"column":19},"end":{"line":2,"column":42}},"2":{"start":{"line":3,"column":31},"end":{"line":3,"column":40}},"3":{"start":{"line":4,"column":34},"end":{"line":4,"column":44}},"4":{"start":{"line":57,"column":39},"end":{"line":73,"column":1}},"5":{"start":{"line":58,"column":2},"end":{"line":58,"column":89}},"6":{"start":{"line":58,"column":61},"end":{"line":58,"column":89}},"7":{"start":{"line":59,"column":19},"end":{"line":59,"column":38}},"8":{"start":{"line":60,"column":22},"end":{"line":60,"column":40}},"9":{"start":{"line":61,"column":21},"end":{"line":61,"column":38}},"10":{"start":{"line":62,"column":23},"end":{"line":62,"column":42}},"11":{"start":{"line":63,"column":19},"end":{"line":63,"column":35}},"12":{"start":{"line":64,"column":2},"end":{"line":68,"column":14}},"13":{"start":{"line":69,"column":20},"end":{"line":69,"column":72}},"14":{"start":{"line":70,"column":21},"end":{"line":70,"column":71}},"15":{"start":{"line":71,"column":19},"end":{"line":71,"column":86}},"16":{"start":{"line":72,"column":2},"end":{"line":72,"column":44}},"17":{"start":{"line":80,"column":19},"end":{"line":84,"column":1}},"18":{"start":{"line":81,"column":2},"end":{"line":81,"column":70}},"19":{"start":{"line":81,"column":42},"end":{"line":81,"column":70}},"20":{"start":{"line":82,"column":12},"end":{"line":82,"column":30}},"21":{"start":{"line":83,"column":2},"end":{"line":83,"column":62}},"22":{"start":{"line":86,"column":17},"end":{"line":89,"column":1}},"23":{"start":{"line":91,"column":0},"end":{"line":91,"column":25}}},"fnMap":{"0":{"name":"(anonymous_0)","decl":{"start":{"line":57,"column":39},"end":{"line":57,"column":40}},"loc":{"start":{"line":57,"column":76},"end":{"line":73,"column":1}},"line":57},"1":{"name":"(anonymous_1)","decl":{"start":{"line":80,"column":19},"end":{"line":80,"column":20}},"loc":{"start":{"line":80,"column":34},"end":{"line":84,"column":1}},"line":80}},"branchMap":{"0":{"loc":{"start":{"line":57,"column":40},"end":{"line":57,"column":49}},"type":"default-arg","locations":[{"start":{"line":57,"column":47},"end":{"line":57,"column":49}}],"line":57},"1":{"loc":{"start":{"line":57,"column":51},"end":{"line":57,"column":61}},"type":"default-arg","locations":[{"start":{"line":57,"column":59},"end":{"line":57,"column":61}}],"line":57},"2":{"loc":{"start":{"line":57,"column":63},"end":{"line":57,"column":71}},"type":"default-arg","locations":[{"start":{"line":57,"column":69},"end":{"line":57,"column":71}}],"line":57},"3":{"loc":{"start":{"line":58,"column":2},"end":{"line":58,"column":89}},"type":"if","locations":[{"start":{"line":58,"column":2},"end":{"line":58,"column":89}},{"start":{"line":58,"column":2},"end":{"line":58,"column":89}}],"line":58},"4":{"loc":{"start":{"line":58,"column":6},"end":{"line":58,"column":59}},"type":"binary-expr","locations":[{"start":{"line":58,"column":6},"end":{"line":58,"column":21}},{"start":{"line":58,"column":25},"end":{"line":58,"column":41}},{"start":{"line":58,"column":45},"end":{"line":58,"column":59}}],"line":58},"5":{"loc":{"start":{"line":64,"column":17},"end":{"line":68,"column":14}},"type":"cond-expr","locations":[{"start":{"line":64,"column":71},"end":{"line":64,"column":73}},{"start":{"line":65,"column":6},"end":{"line":68,"column":14}}],"line":64},"6":{"loc":{"start":{"line":65,"column":6},"end":{"line":68,"column":14}},"type":"cond-expr","locations":[{"start":{"line":65,"column":50},"end":{"line":65,"column":52}},{"start":{"line":66,"column":8},"end":{"line":68,"column":14}}],"line":65},"7":{"loc":{"start":{"line":66,"column":8},"end":{"line":68,"column":14}},"type":"cond-expr","locations":[{"start":{"line":66,"column":43},"end":{"line":66,"column":45}},{"start":{"line":67,"column":10},"end":{"line":68,"column":14}}],"line":66},"8":{"loc":{"start":{"line":66,"column":9},"end":{"line":66,"column":39}},"type":"binary-expr","locations":[{"start":{"line":66,"column":9},"end":{"line":66,"column":27}},{"start":{"line":66,"column":31},"end":{"line":66,"column":39}}],"line":66},"9":{"loc":{"start":{"line":67,"column":10},"end":{"line":68,"column":14}},"type":"cond-expr","locations":[{"start":{"line":67,"column":46},"end":{"line":67,"column":48}},{"start":{"line":68,"column":12},"end":{"line":68,"column":14}}],"line":67},"10":{"loc":{"start":{"line":67,"column":11},"end":{"line":67,"column":42}},"type":"binary-expr","locations":[{"start":{"line":67,"column":11},"end":{"line":67,"column":29}},{"start":{"line":67,"column":33},"end":{"line":67,"column":42}}],"line":67},"11":{"loc":{"start":{"line":69,"column":20},"end":{"line":69,"column":72}},"type":"binary-expr","locations":[{"start":{"line":69,"column":20},"end":{"line":69,"column":37}},{"start":{"line":69,"column":41},"end":{"line":69,"column":72}}],"line":69},"12":{"loc":{"start":{"line":70,"column":21},"end":{"line":70,"column":71}},"type":"binary-expr","locations":[{"start":{"line":70,"column":21},"end":{"line":70,"column":39}},{"start":{"line":70,"column":43},"end":{"line":70,"column":71}}],"line":70},"13":{"loc":{"start":{"line":71,"column":19},"end":{"line":71,"column":86}},"type":"binary-expr","locations":[{"start":{"line":71,"column":19},"end":{"line":71,"column":35}},{"start":{"line":71,"column":39},"end":{"line":71,"column":86}}],"line":71},"14":{"loc":{"start":{"line":72,"column":9},"end":{"line":72,"column":44}},"type":"binary-expr","locations":[{"start":{"line":72,"column":9},"end":{"line":72,"column":18}},{"start":{"line":72,"column":22},"end":{"line":72,"column":32}},{"start":{"line":72,"column":36},"end":{"line":72,"column":44}}],"line":72},"15":{"loc":{"start":{"line":80,"column":20},"end":{"line":80,"column":29}},"type":"default-arg","locations":[{"start":{"line":80,"column":27},"end":{"line":80,"column":29}}],"line":80},"16":{"loc":{"start":{"line":81,"column":2},"end":{"line":81,"column":70}},"type":"if","locations":[{"start":{"line":81,"column":2},"end":{"line":81,"column":70}},{"start":{"line":81,"column":2},"end":{"line":81,"column":70}}],"line":81},"17":{"loc":{"start":{"line":81,"column":6},"end":{"line":81,"column":40}},"type":"binary-expr","locations":[{"start":{"line":81,"column":6},"end":{"line":81,"column":21}},{"start":{"line":81,"column":25},"end":{"line":81,"column":40}}],"line":81},"18":{"loc":{"start":{"line":83,"column":9},"end":{"line":83,"column":62}},"type":"binary-expr","locations":[{"start":{"line":83,"column":11},"end":{"line":83,"column":22}},{"start":{"line":83,"column":28},"end":{"line":83,"column":41}},{"start":{"line":83,"column":48},"end":{"line":83,"column":61}}],"line":83}},"s":{"0":1,"1":1,"2":1,"3":1,"4":1,"5":8,"6":0,"7":8,"8":8,"9":8,"10":8,"11":8,"12":8,"13":8,"14":8,"15":8,"16":8,"17":1,"18":11,"19":0,"20":11,"21":11,"22":1,"23":1},"f":{"0":8,"1":11},"b":{"0":[0],"1":[0],"2":[0],"3":[0,8],"4":[8,8,8],"5":[2,6],"6":[1,5],"7":[1,4],"8":[5,4],"9":[3,1],"10":[4,3],"11":[8,8],"12":[8,8],"13":[8,8],"14":[8,7,6],"15":[0],"16":[0,11],"17":[11,0],"18":[11,4,9]},"_coverageSchema":"43e27e138ebf9cfc5966b082cf9a028302ed4184","hash":"24e3ed4ae2bf735ceb90b9b3820650fd0228a5c4"}
,"/Users/rickchang/Desktop/common_libs/typeCheck.js": {"path":"/Users/rickchang/Desktop/common_libs/typeCheck.js","statementMap":{"0":{"start":{"line":2,"column":17},"end":{"line":5,"column":1}},"1":{"start":{"line":3,"column":18},"end":{"line":3,"column":72}},"2":{"start":{"line":4,"column":2},"end":{"line":4,"column":16}},"3":{"start":{"line":7,"column":17},"end":{"line":10,"column":1}},"4":{"start":{"line":8,"column":18},"end":{"line":8,"column":72}},"5":{"start":{"line":9,"column":2},"end":{"line":9,"column":16}},"6":{"start":{"line":12,"column":15},"end":{"line":15,"column":1}},"7":{"start":{"line":13,"column":18},"end":{"line":13,"column":38}},"8":{"start":{"line":14,"column":2},"end":{"line":14,"column":16}},"9":{"start":{"line":17,"column":16},"end":{"line":20,"column":1}},"10":{"start":{"line":18,"column":18},"end":{"line":18,"column":40}},"11":{"start":{"line":19,"column":2},"end":{"line":19,"column":16}},"12":{"start":{"line":22,"column":17},"end":{"line":25,"column":1}},"13":{"start":{"line":23,"column":18},"end":{"line":23,"column":63}},"14":{"start":{"line":24,"column":2},"end":{"line":24,"column":16}},"15":{"start":{"line":27,"column":25},"end":{"line":31,"column":1}},"16":{"start":{"line":28,"column":2},"end":{"line":28,"column":82}},"17":{"start":{"line":28,"column":47},"end":{"line":28,"column":82}},"18":{"start":{"line":29,"column":18},"end":{"line":29,"column":79}},"19":{"start":{"line":30,"column":2},"end":{"line":30,"column":16}},"20":{"start":{"line":33,"column":18},"end":{"line":40,"column":1}},"21":{"start":{"line":42,"column":0},"end":{"line":42,"column":26}}},"fnMap":{"0":{"name":"(anonymous_0)","decl":{"start":{"line":2,"column":17},"end":{"line":2,"column":18}},"loc":{"start":{"line":2,"column":29},"end":{"line":5,"column":1}},"line":2},"1":{"name":"(anonymous_1)","decl":{"start":{"line":7,"column":17},"end":{"line":7,"column":18}},"loc":{"start":{"line":7,"column":29},"end":{"line":10,"column":1}},"line":7},"2":{"name":"(anonymous_2)","decl":{"start":{"line":12,"column":15},"end":{"line":12,"column":16}},"loc":{"start":{"line":12,"column":25},"end":{"line":15,"column":1}},"line":12},"3":{"name":"(anonymous_3)","decl":{"start":{"line":17,"column":16},"end":{"line":17,"column":17}},"loc":{"start":{"line":17,"column":27},"end":{"line":20,"column":1}},"line":17},"4":{"name":"(anonymous_4)","decl":{"start":{"line":22,"column":17},"end":{"line":22,"column":18}},"loc":{"start":{"line":22,"column":29},"end":{"line":25,"column":1}},"line":22},"5":{"name":"(anonymous_5)","decl":{"start":{"line":27,"column":25},"end":{"line":27,"column":26}},"loc":{"start":{"line":27,"column":37},"end":{"line":31,"column":1}},"line":27}},"branchMap":{"0":{"loc":{"start":{"line":3,"column":18},"end":{"line":3,"column":72}},"type":"binary-expr","locations":[{"start":{"line":3,"column":18},"end":{"line":3,"column":44}},{"start":{"line":3,"column":48},"end":{"line":3,"column":72}}],"line":3},"1":{"loc":{"start":{"line":8,"column":18},"end":{"line":8,"column":72}},"type":"binary-expr","locations":[{"start":{"line":8,"column":18},"end":{"line":8,"column":44}},{"start":{"line":8,"column":48},"end":{"line":8,"column":72}}],"line":8},"2":{"loc":{"start":{"line":23,"column":18},"end":{"line":23,"column":63}},"type":"binary-expr","locations":[{"start":{"line":23,"column":18},"end":{"line":23,"column":33}},{"start":{"line":23,"column":37},"end":{"line":23,"column":63}}],"line":23},"3":{"loc":{"start":{"line":28,"column":2},"end":{"line":28,"column":82}},"type":"if","locations":[{"start":{"line":28,"column":2},"end":{"line":28,"column":82}},{"start":{"line":28,"column":2},"end":{"line":28,"column":82}}],"line":28},"4":{"loc":{"start":{"line":28,"column":6},"end":{"line":28,"column":45}},"type":"binary-expr","locations":[{"start":{"line":28,"column":6},"end":{"line":28,"column":26}},{"start":{"line":28,"column":30},"end":{"line":28,"column":45}}],"line":28},"5":{"loc":{"start":{"line":29,"column":18},"end":{"line":29,"column":79}},"type":"binary-expr","locations":[{"start":{"line":29,"column":18},"end":{"line":29,"column":34}},{"start":{"line":29,"column":38},"end":{"line":29,"column":79}}],"line":29}},"s":{"0":1,"1":99,"2":99,"3":1,"4":39,"5":39,"6":1,"7":3,"8":3,"9":1,"10":23,"11":23,"12":1,"13":13,"14":13,"15":1,"16":7,"17":2,"18":5,"19":5,"20":1,"21":1},"f":{"0":99,"1":39,"2":3,"3":23,"4":13,"5":7},"b":{"0":[99,4],"1":[39,3],"2":[13,12],"3":[2,5],"4":[7,6],"5":[5,3]},"_coverageSchema":"43e27e138ebf9cfc5966b082cf9a028302ed4184","hash":"d42a633bdbb14c36f0b21219e6c720eff3d5787a"}
,"/Users/rickchang/Desktop/common_libs/libs/index.js": {"path":"/Users/rickchang/Desktop/common_libs/libs/index.js","statementMap":{"0":{"start":{"line":1,"column":18},"end":{"line":1,"column":41}},"1":{"start":{"line":9,"column":16},"end":{"line":23,"column":1}},"2":{"start":{"line":10,"column":23},"end":{"line":10,"column":32}},"3":{"start":{"line":11,"column":2},"end":{"line":14,"column":3}},"4":{"start":{"line":12,"column":4},"end":{"line":12,"column":15}},"5":{"start":{"line":13,"column":4},"end":{"line":13,"column":13}},"6":{"start":{"line":15,"column":2},"end":{"line":20,"column":3}},"7":{"start":{"line":19,"column":4},"end":{"line":19,"column":43}},"8":{"start":{"line":21,"column":20},"end":{"line":21,"column":52}},"9":{"start":{"line":22,"column":2},"end":{"line":22,"column":18}},"10":{"start":{"line":29,"column":21},"end":{"line":43,"column":1}},"11":{"start":{"line":30,"column":22},"end":{"line":30,"column":31}},"12":{"start":{"line":31,"column":2},"end":{"line":31,"column":86}},"13":{"start":{"line":31,"column":58},"end":{"line":31,"column":86}},"14":{"start":{"line":32,"column":15},"end":{"line":32,"column":20}},"15":{"start":{"line":33,"column":14},"end":{"line":33,"column":15}},"16":{"start":{"line":34,"column":2},"end":{"line":41,"column":3}},"17":{"start":{"line":35,"column":4},"end":{"line":40,"column":5}},"18":{"start":{"line":36,"column":6},"end":{"line":36,"column":19}},"19":{"start":{"line":37,"column":6},"end":{"line":37,"column":11}},"20":{"start":{"line":39,"column":6},"end":{"line":39,"column":13}},"21":{"start":{"line":42,"column":2},"end":{"line":42,"column":15}},"22":{"start":{"line":45,"column":20},"end":{"line":65,"column":1}},"23":{"start":{"line":46,"column":23},"end":{"line":46,"column":32}},"24":{"start":{"line":47,"column":16},"end":{"line":47,"column":26}},"25":{"start":{"line":48,"column":2},"end":{"line":48,"column":129}},"26":{"start":{"line":48,"column":88},"end":{"line":48,"column":127}},"27":{"start":{"line":49,"column":2},"end":{"line":49,"column":43}},"28":{"start":{"line":49,"column":33},"end":{"line":49,"column":43}},"29":{"start":{"line":50,"column":17},"end":{"line":50,"column":39}},"30":{"start":{"line":51,"column":2},"end":{"line":63,"column":3}},"31":{"start":{"line":52,"column":4},"end":{"line":57,"column":6}},"32":{"start":{"line":53,"column":6},"end":{"line":53,"column":21}},"33":{"start":{"line":54,"column":25},"end":{"line":54,"column":44}},"34":{"start":{"line":55,"column":6},"end":{"line":55,"column":29}},"35":{"start":{"line":56,"column":6},"end":{"line":56,"column":29}},"36":{"start":{"line":59,"column":4},"end":{"line":62,"column":6}},"37":{"start":{"line":60,"column":25},"end":{"line":60,"column":86}},"38":{"start":{"line":61,"column":6},"end":{"line":61,"column":29}},"39":{"start":{"line":64,"column":2},"end":{"line":64,"column":15}},"40":{"start":{"line":67,"column":0},"end":{"line":71,"column":1}}},"fnMap":{"0":{"name":"(anonymous_0)","decl":{"start":{"line":9,"column":16},"end":{"line":9,"column":17}},"loc":{"start":{"line":9,"column":48},"end":{"line":23,"column":1}},"line":9},"1":{"name":"(anonymous_1)","decl":{"start":{"line":29,"column":21},"end":{"line":29,"column":22}},"loc":{"start":{"line":29,"column":40},"end":{"line":43,"column":1}},"line":29},"2":{"name":"(anonymous_2)","decl":{"start":{"line":45,"column":20},"end":{"line":45,"column":21}},"loc":{"start":{"line":45,"column":45},"end":{"line":65,"column":1}},"line":45},"3":{"name":"(anonymous_3)","decl":{"start":{"line":52,"column":16},"end":{"line":52,"column":17}},"loc":{"start":{"line":52,"column":27},"end":{"line":57,"column":5}},"line":52},"4":{"name":"(anonymous_4)","decl":{"start":{"line":59,"column":16},"end":{"line":59,"column":17}},"loc":{"start":{"line":59,"column":27},"end":{"line":62,"column":5}},"line":59}},"branchMap":{"0":{"loc":{"start":{"line":9,"column":17},"end":{"line":9,"column":27}},"type":"default-arg","locations":[{"start":{"line":9,"column":26},"end":{"line":9,"column":27}}],"line":9},"1":{"loc":{"start":{"line":9,"column":29},"end":{"line":9,"column":38}},"type":"default-arg","locations":[{"start":{"line":9,"column":37},"end":{"line":9,"column":38}}],"line":9},"2":{"loc":{"start":{"line":11,"column":2},"end":{"line":14,"column":3}},"type":"if","locations":[{"start":{"line":11,"column":2},"end":{"line":14,"column":3}},{"start":{"line":11,"column":2},"end":{"line":14,"column":3}}],"line":11},"3":{"loc":{"start":{"line":15,"column":2},"end":{"line":20,"column":3}},"type":"if","locations":[{"start":{"line":15,"column":2},"end":{"line":20,"column":3}},{"start":{"line":15,"column":2},"end":{"line":20,"column":3}}],"line":15},"4":{"loc":{"start":{"line":15,"column":6},"end":{"line":18,"column":18}},"type":"binary-expr","locations":[{"start":{"line":15,"column":6},"end":{"line":15,"column":17}},{"start":{"line":16,"column":4},"end":{"line":16,"column":21}},{"start":{"line":17,"column":4},"end":{"line":17,"column":20}},{"start":{"line":18,"column":4},"end":{"line":18,"column":18}}],"line":15},"5":{"loc":{"start":{"line":21,"column":20},"end":{"line":21,"column":52}},"type":"binary-expr","locations":[{"start":{"line":21,"column":20},"end":{"line":21,"column":35}},{"start":{"line":21,"column":39},"end":{"line":21,"column":52}}],"line":21},"6":{"loc":{"start":{"line":29,"column":22},"end":{"line":29,"column":30}},"type":"default-arg","locations":[{"start":{"line":29,"column":28},"end":{"line":29,"column":30}}],"line":29},"7":{"loc":{"start":{"line":31,"column":2},"end":{"line":31,"column":86}},"type":"if","locations":[{"start":{"line":31,"column":2},"end":{"line":31,"column":86}},{"start":{"line":31,"column":2},"end":{"line":31,"column":86}}],"line":31},"8":{"loc":{"start":{"line":31,"column":6},"end":{"line":31,"column":56}},"type":"binary-expr","locations":[{"start":{"line":31,"column":6},"end":{"line":31,"column":19}},{"start":{"line":31,"column":23},"end":{"line":31,"column":35}},{"start":{"line":31,"column":39},"end":{"line":31,"column":56}}],"line":31},"9":{"loc":{"start":{"line":35,"column":4},"end":{"line":40,"column":5}},"type":"if","locations":[{"start":{"line":35,"column":4},"end":{"line":40,"column":5}},{"start":{"line":35,"column":4},"end":{"line":40,"column":5}}],"line":35},"10":{"loc":{"start":{"line":45,"column":21},"end":{"line":45,"column":29}},"type":"default-arg","locations":[{"start":{"line":45,"column":27},"end":{"line":45,"column":29}}],"line":45},"11":{"loc":{"start":{"line":45,"column":31},"end":{"line":45,"column":40}},"type":"default-arg","locations":[{"start":{"line":45,"column":39},"end":{"line":45,"column":40}}],"line":45},"12":{"loc":{"start":{"line":48,"column":2},"end":{"line":48,"column":129}},"type":"if","locations":[{"start":{"line":48,"column":2},"end":{"line":48,"column":129}},{"start":{"line":48,"column":2},"end":{"line":48,"column":129}}],"line":48},"13":{"loc":{"start":{"line":48,"column":6},"end":{"line":48,"column":84}},"type":"binary-expr","locations":[{"start":{"line":48,"column":6},"end":{"line":48,"column":44}},{"start":{"line":48,"column":48},"end":{"line":48,"column":64}},{"start":{"line":48,"column":68},"end":{"line":48,"column":84}}],"line":48},"14":{"loc":{"start":{"line":49,"column":2},"end":{"line":49,"column":43}},"type":"if","locations":[{"start":{"line":49,"column":2},"end":{"line":49,"column":43}},{"start":{"line":49,"column":2},"end":{"line":49,"column":43}}],"line":49},"15":{"loc":{"start":{"line":49,"column":6},"end":{"line":49,"column":31}},"type":"binary-expr","locations":[{"start":{"line":49,"column":6},"end":{"line":49,"column":17}},{"start":{"line":49,"column":21},"end":{"line":49,"column":31}}],"line":49},"16":{"loc":{"start":{"line":51,"column":2},"end":{"line":63,"column":3}},"type":"if","locations":[{"start":{"line":51,"column":2},"end":{"line":63,"column":3}},{"start":{"line":51,"column":2},"end":{"line":63,"column":3}}],"line":51},"17":{"loc":{"start":{"line":60,"column":25},"end":{"line":60,"column":86}},"type":"cond-expr","locations":[{"start":{"line":60,"column":43},"end":{"line":60,"column":72}},{"start":{"line":60,"column":76},"end":{"line":60,"column":85}}],"line":60}},"s":{"0":1,"1":1,"2":32,"3":32,"4":1,"5":1,"6":32,"7":2,"8":30,"9":30,"10":1,"11":18,"12":18,"13":1,"14":17,"15":17,"16":17,"17":85,"18":4,"19":4,"20":81,"21":17,"22":1,"23":2,"24":2,"25":2,"26":0,"27":2,"28":0,"29":2,"30":2,"31":1,"32":4,"33":4,"34":4,"35":4,"36":1,"37":4,"38":4,"39":2,"40":1},"f":{"0":32,"1":18,"2":2,"3":4,"4":4},"b":{"0":[0],"1":[0],"2":[1,31],"3":[2,30],"4":[32,31,30,30],"5":[30,29],"6":[0],"7":[1,17],"8":[18,18,18],"9":[4,81],"10":[0],"11":[0],"12":[0,2],"13":[2,2,2],"14":[0,2],"15":[2,2],"16":[1,1],"17":[1,3]},"_coverageSchema":"43e27e138ebf9cfc5966b082cf9a028302ed4184","hash":"61d4d9b644b2d8a3e5909765a4c5528850c3baf4"}
}
