{"/Users/rickchang/Desktop/common_libs/typeCheck.js": {"path":"/Users/rickchang/Desktop/common_libs/typeCheck.js","statementMap":{"0":{"start":{"line":2,"column":17},"end":{"line":5,"column":1}},"1":{"start":{"line":3,"column":18},"end":{"line":3,"column":72}},"2":{"start":{"line":4,"column":2},"end":{"line":4,"column":16}},"3":{"start":{"line":7,"column":17},"end":{"line":10,"column":1}},"4":{"start":{"line":8,"column":18},"end":{"line":8,"column":72}},"5":{"start":{"line":9,"column":2},"end":{"line":9,"column":16}},"6":{"start":{"line":12,"column":15},"end":{"line":15,"column":1}},"7":{"start":{"line":13,"column":18},"end":{"line":13,"column":38}},"8":{"start":{"line":14,"column":2},"end":{"line":14,"column":16}},"9":{"start":{"line":17,"column":16},"end":{"line":20,"column":1}},"10":{"start":{"line":18,"column":18},"end":{"line":18,"column":40}},"11":{"start":{"line":19,"column":2},"end":{"line":19,"column":16}},"12":{"start":{"line":22,"column":17},"end":{"line":25,"column":1}},"13":{"start":{"line":23,"column":18},"end":{"line":23,"column":63}},"14":{"start":{"line":24,"column":2},"end":{"line":24,"column":16}},"15":{"start":{"line":27,"column":25},"end":{"line":31,"column":1}},"16":{"start":{"line":28,"column":2},"end":{"line":28,"column":82}},"17":{"start":{"line":28,"column":47},"end":{"line":28,"column":82}},"18":{"start":{"line":29,"column":18},"end":{"line":29,"column":79}},"19":{"start":{"line":30,"column":2},"end":{"line":30,"column":16}},"20":{"start":{"line":33,"column":18},"end":{"line":40,"column":1}},"21":{"start":{"line":42,"column":0},"end":{"line":42,"column":26}}},"fnMap":{"0":{"name":"(anonymous_0)","decl":{"start":{"line":2,"column":17},"end":{"line":2,"column":18}},"loc":{"start":{"line":2,"column":29},"end":{"line":5,"column":1}},"line":2},"1":{"name":"(anonymous_1)","decl":{"start":{"line":7,"column":17},"end":{"line":7,"column":18}},"loc":{"start":{"line":7,"column":29},"end":{"line":10,"column":1}},"line":7},"2":{"name":"(anonymous_2)","decl":{"start":{"line":12,"column":15},"end":{"line":12,"column":16}},"loc":{"start":{"line":12,"column":25},"end":{"line":15,"column":1}},"line":12},"3":{"name":"(anonymous_3)","decl":{"start":{"line":17,"column":16},"end":{"line":17,"column":17}},"loc":{"start":{"line":17,"column":27},"end":{"line":20,"column":1}},"line":17},"4":{"name":"(anonymous_4)","decl":{"start":{"line":22,"column":17},"end":{"line":22,"column":18}},"loc":{"start":{"line":22,"column":29},"end":{"line":25,"column":1}},"line":22},"5":{"name":"(anonymous_5)","decl":{"start":{"line":27,"column":25},"end":{"line":27,"column":26}},"loc":{"start":{"line":27,"column":37},"end":{"line":31,"column":1}},"line":27}},"branchMap":{"0":{"loc":{"start":{"line":3,"column":18},"end":{"line":3,"column":72}},"type":"binary-expr","locations":[{"start":{"line":3,"column":18},"end":{"line":3,"column":44}},{"start":{"line":3,"column":48},"end":{"line":3,"column":72}}],"line":3},"1":{"loc":{"start":{"line":8,"column":18},"end":{"line":8,"column":72}},"type":"binary-expr","locations":[{"start":{"line":8,"column":18},"end":{"line":8,"column":44}},{"start":{"line":8,"column":48},"end":{"line":8,"column":72}}],"line":8},"2":{"loc":{"start":{"line":23,"column":18},"end":{"line":23,"column":63}},"type":"binary-expr","locations":[{"start":{"line":23,"column":18},"end":{"line":23,"column":33}},{"start":{"line":23,"column":37},"end":{"line":23,"column":63}}],"line":23},"3":{"loc":{"start":{"line":28,"column":2},"end":{"line":28,"column":82}},"type":"if","locations":[{"start":{"line":28,"column":2},"end":{"line":28,"column":82}},{"start":{"line":28,"column":2},"end":{"line":28,"column":82}}],"line":28},"4":{"loc":{"start":{"line":28,"column":6},"end":{"line":28,"column":45}},"type":"binary-expr","locations":[{"start":{"line":28,"column":6},"end":{"line":28,"column":26}},{"start":{"line":28,"column":30},"end":{"line":28,"column":45}}],"line":28},"5":{"loc":{"start":{"line":29,"column":18},"end":{"line":29,"column":79}},"type":"binary-expr","locations":[{"start":{"line":29,"column":18},"end":{"line":29,"column":34}},{"start":{"line":29,"column":38},"end":{"line":29,"column":79}}],"line":29}},"s":{"0":1,"1":17,"2":17,"3":1,"4":4,"5":4,"6":1,"7":3,"8":3,"9":1,"10":5,"11":5,"12":1,"13":13,"14":13,"15":1,"16":7,"17":2,"18":5,"19":5,"20":1,"21":1},"f":{"0":17,"1":4,"2":3,"3":5,"4":13,"5":7},"b":{"0":[17,4],"1":[4,3],"2":[13,12],"3":[2,5],"4":[7,6],"5":[5,3]},"_coverageSchema":"43e27e138ebf9cfc5966b082cf9a028302ed4184","hash":"d42a633bdbb14c36f0b21219e6c720eff3d5787a"}
,"/Users/rickchang/Desktop/common_libs/libs/index.js": {"path":"/Users/rickchang/Desktop/common_libs/libs/index.js","statementMap":{"0":{"start":{"line":1,"column":18},"end":{"line":1,"column":41}},"1":{"start":{"line":9,"column":16},"end":{"line":23,"column":1}},"2":{"start":{"line":10,"column":23},"end":{"line":10,"column":32}},"3":{"start":{"line":11,"column":2},"end":{"line":14,"column":3}},"4":{"start":{"line":12,"column":4},"end":{"line":12,"column":15}},"5":{"start":{"line":13,"column":4},"end":{"line":13,"column":13}},"6":{"start":{"line":15,"column":2},"end":{"line":20,"column":3}},"7":{"start":{"line":19,"column":4},"end":{"line":19,"column":43}},"8":{"start":{"line":21,"column":20},"end":{"line":21,"column":52}},"9":{"start":{"line":22,"column":2},"end":{"line":22,"column":18}},"10":{"start":{"line":25,"column":0},"end":{"line":27,"column":1}}},"fnMap":{"0":{"name":"(anonymous_0)","decl":{"start":{"line":9,"column":16},"end":{"line":9,"column":17}},"loc":{"start":{"line":9,"column":48},"end":{"line":23,"column":1}},"line":9}},"branchMap":{"0":{"loc":{"start":{"line":9,"column":17},"end":{"line":9,"column":27}},"type":"default-arg","locations":[{"start":{"line":9,"column":26},"end":{"line":9,"column":27}}],"line":9},"1":{"loc":{"start":{"line":9,"column":29},"end":{"line":9,"column":38}},"type":"default-arg","locations":[{"start":{"line":9,"column":37},"end":{"line":9,"column":38}}],"line":9},"2":{"loc":{"start":{"line":11,"column":2},"end":{"line":14,"column":3}},"type":"if","locations":[{"start":{"line":11,"column":2},"end":{"line":14,"column":3}},{"start":{"line":11,"column":2},"end":{"line":14,"column":3}}],"line":11},"3":{"loc":{"start":{"line":15,"column":2},"end":{"line":20,"column":3}},"type":"if","locations":[{"start":{"line":15,"column":2},"end":{"line":20,"column":3}},{"start":{"line":15,"column":2},"end":{"line":20,"column":3}}],"line":15},"4":{"loc":{"start":{"line":15,"column":6},"end":{"line":18,"column":18}},"type":"binary-expr","locations":[{"start":{"line":15,"column":6},"end":{"line":15,"column":17}},{"start":{"line":16,"column":4},"end":{"line":16,"column":21}},{"start":{"line":17,"column":4},"end":{"line":17,"column":20}},{"start":{"line":18,"column":4},"end":{"line":18,"column":18}}],"line":15},"5":{"loc":{"start":{"line":21,"column":20},"end":{"line":21,"column":52}},"type":"binary-expr","locations":[{"start":{"line":21,"column":20},"end":{"line":21,"column":35}},{"start":{"line":21,"column":39},"end":{"line":21,"column":52}}],"line":21}},"s":{"0":1,"1":1,"2":6,"3":6,"4":1,"5":1,"6":6,"7":2,"8":4,"9":4,"10":1},"f":{"0":6},"b":{"0":[0],"1":[0],"2":[1,5],"3":[2,4],"4":[6,5,4,4],"5":[4,4]},"_coverageSchema":"43e27e138ebf9cfc5966b082cf9a028302ed4184","hash":"ba14cfde15c57eb4c233ee0bfea503f75970eabe"}
}
