TN:
SF:/Users/rickchang/Desktop/common_libs/dateTool.js
FN:57,(anonymous_0)
FN:80,(anonymous_1)
FNF:2
FNH:2
FNDA:8,(anonymous_0)
FNDA:11,(anonymous_1)
DA:1,1
DA:2,1
DA:3,1
DA:4,1
DA:57,1
DA:58,8
DA:59,8
DA:60,8
DA:61,8
DA:62,8
DA:63,8
DA:64,8
DA:69,8
DA:70,8
DA:71,8
DA:72,8
DA:80,1
DA:81,11
DA:82,11
DA:83,11
DA:86,1
DA:91,1
LF:22
LH:22
BRDA:57,0,0,0
BRDA:57,1,0,0
BRDA:57,2,0,0
BRDA:58,3,0,0
BRDA:58,3,1,8
BRDA:58,4,0,8
BRDA:58,4,1,8
BRDA:58,4,2,8
BRDA:64,5,0,2
BRDA:64,5,1,6
BRDA:65,6,0,1
BRDA:65,6,1,5
BRDA:66,7,0,1
BRDA:66,7,1,4
BRDA:66,8,0,5
BRDA:66,8,1,4
BRDA:67,9,0,3
BRDA:67,9,1,1
BRDA:67,10,0,4
BRDA:67,10,1,3
BRDA:69,11,0,8
BRDA:69,11,1,8
BRDA:70,12,0,8
BRDA:70,12,1,8
BRDA:71,13,0,8
BRDA:71,13,1,8
BRDA:72,14,0,8
BRDA:72,14,1,7
BRDA:72,14,2,6
BRDA:80,15,0,0
BRDA:81,16,0,0
BRDA:81,16,1,11
BRDA:81,17,0,11
BRDA:81,17,1,0
BRDA:83,18,0,11
BRDA:83,18,1,4
BRDA:83,18,2,9
BRF:37
BRH:30
end_of_record
TN:
SF:/Users/rickchang/Desktop/common_libs/typeCheck.js
FN:2,(anonymous_0)
FN:7,(anonymous_1)
FN:12,(anonymous_2)
FN:17,(anonymous_3)
FN:22,(anonymous_4)
FN:27,(anonymous_5)
FNF:6
FNH:6
FNDA:99,(anonymous_0)
FNDA:39,(anonymous_1)
FNDA:3,(anonymous_2)
FNDA:23,(anonymous_3)
FNDA:13,(anonymous_4)
FNDA:7,(anonymous_5)
DA:2,1
DA:3,99
DA:4,99
DA:7,1
DA:8,39
DA:9,39
DA:12,1
DA:13,3
DA:14,3
DA:17,1
DA:18,23
DA:19,23
DA:22,1
DA:23,13
DA:24,13
DA:27,1
DA:28,7
DA:29,5
DA:30,5
DA:33,1
DA:42,1
LF:21
LH:21
BRDA:3,0,0,99
BRDA:3,0,1,4
BRDA:8,1,0,39
BRDA:8,1,1,3
BRDA:23,2,0,13
BRDA:23,2,1,12
BRDA:28,3,0,2
BRDA:28,3,1,5
BRDA:28,4,0,7
BRDA:28,4,1,6
BRDA:29,5,0,5
BRDA:29,5,1,3
BRF:12
BRH:12
end_of_record
TN:
SF:/Users/rickchang/Desktop/common_libs/libs/index.js
FN:9,(anonymous_0)
FN:29,(anonymous_1)
FN:45,(anonymous_2)
FN:52,(anonymous_3)
FN:59,(anonymous_4)
FNF:5
FNH:5
FNDA:32,(anonymous_0)
FNDA:18,(anonymous_1)
FNDA:2,(anonymous_2)
FNDA:4,(anonymous_3)
FNDA:4,(anonymous_4)
DA:1,1
DA:9,1
DA:10,32
DA:11,32
DA:12,1
DA:13,1
DA:15,32
DA:19,2
DA:21,30
DA:22,30
DA:29,1
DA:30,18
DA:31,18
DA:32,17
DA:33,17
DA:34,17
DA:35,85
DA:36,4
DA:37,4
DA:39,81
DA:42,17
DA:45,1
DA:46,2
DA:47,2
DA:48,2
DA:49,2
DA:50,2
DA:51,2
DA:52,1
DA:53,4
DA:54,4
DA:55,4
DA:56,4
DA:59,1
DA:60,4
DA:61,4
DA:64,2
DA:67,1
LF:38
LH:38
BRDA:9,0,0,0
BRDA:9,1,0,0
BRDA:11,2,0,1
BRDA:11,2,1,31
BRDA:15,3,0,2
BRDA:15,3,1,30
BRDA:15,4,0,32
BRDA:15,4,1,31
BRDA:15,4,2,30
BRDA:15,4,3,30
BRDA:21,5,0,30
BRDA:21,5,1,29
BRDA:29,6,0,0
BRDA:31,7,0,1
BRDA:31,7,1,17
BRDA:31,8,0,18
BRDA:31,8,1,18
BRDA:31,8,2,18
BRDA:35,9,0,4
BRDA:35,9,1,81
BRDA:45,10,0,0
BRDA:45,11,0,0
BRDA:48,12,0,0
BRDA:48,12,1,2
BRDA:48,13,0,2
BRDA:48,13,1,2
BRDA:48,13,2,2
BRDA:49,14,0,0
BRDA:49,14,1,2
BRDA:49,15,0,2
BRDA:49,15,1,2
BRDA:51,16,0,1
BRDA:51,16,1,1
BRDA:60,17,0,1
BRDA:60,17,1,3
BRF:35
BRH:28
end_of_record
