TN:
SF:/Users/rickchang/Desktop/common_libs/typeCheck.js
FN:2,(anonymous_0)
FN:7,(anonymous_1)
FN:12,(anonymous_2)
FN:17,(anonymous_3)
FN:22,(anonymous_4)
FN:27,(anonymous_5)
FNF:6
FNH:6
FNDA:17,(anonymous_0)
FNDA:4,(anonymous_1)
FNDA:3,(anonymous_2)
FNDA:5,(anonymous_3)
FNDA:13,(anonymous_4)
FNDA:7,(anonymous_5)
DA:2,1
DA:3,17
DA:4,17
DA:7,1
DA:8,4
DA:9,4
DA:12,1
DA:13,3
DA:14,3
DA:17,1
DA:18,5
DA:19,5
DA:22,1
DA:23,13
DA:24,13
DA:27,1
DA:28,7
DA:29,5
DA:30,5
DA:33,1
DA:42,1
LF:21
LH:21
BRDA:3,0,0,17
BRDA:3,0,1,4
BRDA:8,1,0,4
BRDA:8,1,1,3
BRDA:23,2,0,13
BRDA:23,2,1,12
BRDA:28,3,0,2
BRDA:28,3,1,5
BRDA:28,4,0,7
BRDA:28,4,1,6
BRDA:29,5,0,5
BRDA:29,5,1,3
BRF:12
BRH:12
end_of_record
TN:
SF:/Users/rickchang/Desktop/common_libs/libs/index.js
FN:9,(anonymous_0)
FNF:1
FNH:1
FNDA:6,(anonymous_0)
DA:1,1
DA:9,1
DA:10,6
DA:11,6
DA:12,1
DA:13,1
DA:15,6
DA:19,2
DA:21,4
DA:22,4
DA:25,1
LF:11
LH:11
BRDA:9,0,0,0
BRDA:9,1,0,0
BRDA:11,2,0,1
BRDA:11,2,1,5
BRDA:15,3,0,2
BRDA:15,3,1,4
BRDA:15,4,0,6
BRDA:15,4,1,5
BRDA:15,4,2,4
BRDA:15,4,3,4
BRDA:21,5,0,4
BRDA:21,5,1,4
BRF:12
BRH:10
end_of_record
